<?xml version="1.0" encoding="UTF-8"?>
<testng-results skipped="0" failed="0" ignored="0" total="2" passed="2">
  <reporter-output>
  </reporter-output>
  <suite name="Default suite" duration-ms="21" started-at="2017-02-19T20:25:15Z" finished-at="2017-02-19T20:25:15Z">
    <groups>
    </groups>
    <test name="Default test" duration-ms="21" started-at="2017-02-19T20:25:15Z" finished-at="2017-02-19T20:25:15Z">
      <class name="TestNGpackage.DataProviderTest">
        <test-method status="PASS" signature="dataptest(java.lang.String, java.lang.String, java.lang.String, java.lang.String)[pri:0, instance:TestNGpackage.DataProviderTest@5ae9a829]" name="dataptest" duration-ms="5" started-at="2017-02-19T15:25:15Z" data-provider="fieldsInputs" finished-at="2017-02-19T15:25:15Z">
          <params>
            <param index="0">
              <value>
                <![CDATA[New York]]>
              </value>
            </param>
            <param index="1">
              <value>
                <![CDATA[Chicago]]>
              </value>
            </param>
            <param index="2">
              <value>
                <![CDATA[test1]]>
              </value>
            </param>
            <param index="3">
              <value>
                <![CDATA[test2]]>
              </value>
            </param>
          </params>
          <reporter-output>
          </reporter-output>
        </test-method> <!-- dataptest -->
        <test-method status="PASS" signature="dataptest(java.lang.String, java.lang.String, java.lang.String, java.lang.String)[pri:0, instance:TestNGpackage.DataProviderTest@5ae9a829]" name="dataptest" duration-ms="1" started-at="2017-02-19T15:25:15Z" data-provider="fieldsInputs" finished-at="2017-02-19T15:25:15Z">
          <params>
            <param index="0">
              <value>
                <![CDATA[New York]]>
              </value>
            </param>
            <param index="1">
              <value>
                <![CDATA[Boston]]>
              </value>
            </param>
            <param index="2">
              <value>
                <![CDATA[test3]]>
              </value>
            </param>
            <param index="3">
              <value>
                <![CDATA[test4]]>
              </value>
            </param>
          </params>
          <reporter-output>
          </reporter-output>
        </test-method> <!-- dataptest -->
      </class> <!-- TestNGpackage.DataProviderTest -->
    </test> <!-- Default test -->
  </suite> <!-- Default suite -->
</testng-results>
